#
# There is insufficient memory for the Java Runtime Environment to continue.
# Native memory allocation (malloc) failed to allocate 1049776 bytes for Chunk::new
# Possible reasons:
#   The system is out of physical RAM or swap space
#   The process is running with CompressedOops enabled, and the Java Heap may be blocking the growth of the native heap
# Possible solutions:
#   Reduce memory load on the system
#   Increase physical memory or swap space
#   Check if swap backing store is full
#   Decrease Java heap size (-Xmx/-Xms)
#   Decrease number of Java threads
#   Decrease Java thread stack sizes (-Xss)
#   Set larger code cache with -XX:ReservedCodeCacheSize=
#   JVM is running with Unscaled Compressed Oops mode in which the Java heap is
#     placed in the first 4GB address space. The Java Heap base address is the
#     maximum limit for the native heap growth. Please use -XX:HeapBaseMinAddress
#     to set the Java Heap base and to place the Java Heap above 4GB virtual address.
# This output file may be truncated or incomplete.
#
#  Out of Memory Error (arena.cpp:189), pid=20716, tid=47880
#
# JRE version: Java(TM) SE Runtime Environment (17.0.12+8) (build 17.0.12+8-LTS-286)
# Java VM: Java HotSpot(TM) 64-Bit Server VM (17.0.12+8-LTS-286, mixed mode, sharing, tiered, compressed oops, compressed class ptrs, g1 gc, windows-amd64)
# No core dump will be written. Minidumps are not enabled by default on client versions of Windows
#

---------------  S U M M A R Y ------------

Command Line: -Dclassworlds.conf=C:\Program Files\apache-maven-3.9.9\bin\m2.conf -Dmaven.home=C:\Program Files\apache-maven-3.9.9 -Dlibrary.jansi.path=C:\Program Files\apache-maven-3.9.9\lib\jansi-native -Dmaven.multiModuleProjectDirectory=C:\Users\klebe\Desktop\sistema-cadastro-backend org.codehaus.plexus.classworlds.launcher.Launcher compile

Host: 12th Gen Intel(R) Core(TM) i5-12450H, 12 cores, 7G,  Windows 11 , 64 bit Build 26100 (10.0.26100.7920)
Time: Wed Mar 11 19:05:44 2026 Hora oficial do Brasil elapsed time: 15.947537 seconds (0d 0h 0m 15s)

---------------  T H R E A D  ---------------

Current thread (0x000001c0e6bbbc60):  JavaThread "C2 CompilerThread1" daemon [_thread_in_native, id=47880, stack(0x000000b8bcf00000,0x000000b8bd000000)]


Current CompileTask:
C2:  15947 3737   !   4       org.codehaus.plexus.interpolation.StringSearchInterpolator::interpolate (668 bytes)

Stack: [0x000000b8bcf00000,0x000000b8bd000000]
Native frames: (J=compiled Java code, j=interpreted, Vv=VM code, C=native code)
V  [jvm.dll+0x67a04a]
V  [jvm.dll+0x7da4ed]
V  [jvm.dll+0x7dbe33]
V  [jvm.dll+0x7dc4a3]
V  [jvm.dll+0x24508f]
V  [jvm.dll+0xab773]
V  [jvm.dll+0xabd3c]
V  [jvm.dll+0x2aa52f]
V  [jvm.dll+0x581eb9]
V  [jvm.dll+0x21f422]
V  [jvm.dll+0x21f81f]
V  [jvm.dll+0x218aa0]
V  [jvm.dll+0x215b65]
V  [jvm.dll+0x1a2960]
V  [jvm.dll+0x22610b]
V  [jvm.dll+0x2242ab]
V  [jvm.dll+0x79075c]
V  [jvm.dll+0x78abea]
V  [jvm.dll+0x678f35]
C  [ucrtbase.dll+0x37b0]
C  [KERNEL32.DLL+0x2e8d7]
C  [ntdll.dll+0x8c48c]


---------------  P R O C E S S  ---------------

Threads class SMR info:
_java_thread_list=0x000001c0e6312710, length=14, elements={
0x000001c0c5e91150, 0x000001c0e5fa8dd0, 0x000001c0e5fab6b0, 0x000001c0e5fc1c90,
0x000001c0e5fc2560, 0x000001c0e5fc2e30, 0x000001c0e5fc5710, 0x000001c0e5fd1820,
0x000001c0e5fd31f0, 0x000001c0e5fe5b20, 0x000001c0e6278fc0, 0x000001c0e62a2140,
0x000001c0e6bbbc60, 0x000001c0eb11d570
}

Java Threads: ( => current thread )
  0x000001c0c5e91150 JavaThread "main" [_thread_in_native, id=20384, stack(0x000000b8bb300000,0x000000b8bb400000)]
  0x000001c0e5fa8dd0 JavaThread "Reference Handler" daemon [_thread_blocked, id=33216, stack(0x000000b8bba00000,0x000000b8bbb00000)]
  0x000001c0e5fab6b0 JavaThread "Finalizer" daemon [_thread_blocked, id=33736, stack(0x000000b8bbb00000,0x000000b8bbc00000)]
  0x000001c0e5fc1c90 JavaThread "Signal Dispatcher" daemon [_thread_blocked, id=45232, stack(0x000000b8bbc00000,0x000000b8bbd00000)]
  0x000001c0e5fc2560 JavaThread "Attach Listener" daemon [_thread_blocked, id=24328, stack(0x000000b8bbd00000,0x000000b8bbe00000)]
  0x000001c0e5fc2e30 JavaThread "Service Thread" daemon [_thread_blocked, id=25684, stack(0x000000b8bbe00000,0x000000b8bbf00000)]
  0x000001c0e5fc5710 JavaThread "Monitor Deflation Thread" daemon [_thread_blocked, id=39256, stack(0x000000b8bbf00000,0x000000b8bc000000)]
  0x000001c0e5fd1820 JavaThread "C2 CompilerThread0" daemon [_thread_in_native, id=31256, stack(0x000000b8bc000000,0x000000b8bc100000)]
  0x000001c0e5fd31f0 JavaThread "C1 CompilerThread0" daemon [_thread_blocked, id=45424, stack(0x000000b8bc100000,0x000000b8bc200000)]
  0x000001c0e5fe5b20 JavaThread "Sweeper thread" daemon [_thread_blocked, id=40484, stack(0x000000b8bc200000,0x000000b8bc300000)]
  0x000001c0e6278fc0 JavaThread "Notification Thread" daemon [_thread_blocked, id=20884, stack(0x000000b8bc300000,0x000000b8bc400000)]
  0x000001c0e62a2140 JavaThread "Common-Cleaner" daemon [_thread_blocked, id=34828, stack(0x000000b8bc500000,0x000000b8bc600000)]
=>0x000001c0e6bbbc60 JavaThread "C2 CompilerThread1" daemon [_thread_in_native, id=47880, stack(0x000000b8bcf00000,0x000000b8bd000000)]
  0x000001c0eb11d570 JavaThread "Thread-1" daemon [_thread_blocked, id=42600, stack(0x000000b8bd000000,0x000000b8bd100000)]

Other Threads:
  0x000001c0e5fa5520 VMThread "VM Thread" [stack: 0x000000b8bb900000,0x000000b8bba00000] [id=49540]
  0x000001c0e629f8e0 WatcherThread [stack: 0x000000b8bc400000,0x000000b8bc500000] [id=26128]
  0x000001c0c5eee960 GCTaskThread "GC Thread#0" [stack: 0x000000b8bb400000,0x000000b8bb500000] [id=17160]
  0x000001c0e6bc9bd0 GCTaskThread "GC Thread#1" [stack: 0x000000b8bc700000,0x000000b8bc800000] [id=17928]
  0x000001c0e6bca410 GCTaskThread "GC Thread#2" [stack: 0x000000b8bc800000,0x000000b8bc900000] [id=44088]
  0x000001c0e6bc90d0 GCTaskThread "GC Thread#3" [stack: 0x000000b8bc900000,0x000000b8bca00000] [id=14980]
  0x000001c0e6bc8e10 GCTaskThread "GC Thread#4" [stack: 0x000000b8bca00000,0x000000b8bcb00000] [id=3728]
  0x000001c0e6bc9390 GCTaskThread "GC Thread#5" [stack: 0x000000b8bcb00000,0x000000b8bcc00000] [id=2992]
  0x000001c0e6bca150 GCTaskThread "GC Thread#6" [stack: 0x000000b8bcc00000,0x000000b8bcd00000] [id=51416]
  0x000001c0e6bc8890 GCTaskThread "GC Thread#7" [stack: 0x000000b8bc600000,0x000000b8bc700000] [id=27152]
  0x000001c0e6bc9650 GCTaskThread "GC Thread#8" [stack: 0x000000b8bcd00000,0x000000b8bce00000] [id=39052]
  0x000001c0e6bc9910 GCTaskThread "GC Thread#9" [stack: 0x000000b8bce00000,0x000000b8bcf00000] [id=50284]
  0x000001c0c5effc10 ConcurrentGCThread "G1 Main Marker" [stack: 0x000000b8bb500000,0x000000b8bb600000] [id=52168]
  0x000001c0c5f032f0 ConcurrentGCThread "G1 Conc#0" [stack: 0x000000b8bb600000,0x000000b8bb700000] [id=43368]
  0x000001c0e5e530d0 ConcurrentGCThread "G1 Refine#0" [stack: 0x000000b8bb700000,0x000000b8bb800000] [id=37680]
  0x000001c0e5e537b0 ConcurrentGCThread "G1 Service" [stack: 0x000000b8bb800000,0x000000b8bb900000] [id=38856]

Threads with active compile tasks:
C2 CompilerThread0    15970 3804       4       org.apache.maven.model.interpolation.StringVisitorModelInterpolator$ModelVisitor::visit (117 bytes)
C2 CompilerThread1    15970 3737   !   4       org.codehaus.plexus.interpolation.StringSearchInterpolator::interpolate (668 bytes)

VM state: not at safepoint (normal execution)

VM Mutex/Monitor currently owned by a thread: None

Heap address: 0x0000000084400000, size: 1980 MB, Compressed Oops mode: 32-bit

CDS archive(s) mapped at: [0x000001c080000000-0x000001c080bd0000-0x000001c080bd0000), size 12386304, SharedBaseAddress: 0x000001c080000000, ArchiveRelocationMode: 1.
Compressed class space mapped at: 0x000001c081000000-0x000001c0c1000000, reserved size: 1073741824
Narrow klass base: 0x000001c080000000, Narrow klass shift: 0, Narrow klass range: 0x100000000

GC Precious Log:
 CPUs: 12 total, 12 available
 Memory: 7916M
 Large Page Support: Disabled
 NUMA Support: Disabled
 Compressed Oops: Enabled (32-bit)
 Heap Region Size: 1M
 Heap Min Capacity: 8M
 Heap Initial Capacity: 124M
 Heap Max Capacity: 1980M
 Pre-touch: Disabled
 Parallel Workers: 10
 Concurrent Workers: 3
 Concurrent Refinement Workers: 10
 Periodic GC: Disabled

Heap:
 garbage-first heap   total 126976K, used 14213K [0x0000000084400000, 0x0000000100000000)
  region size 1024K, 3 young (3072K), 1 survivors (1024K)
 Metaspace       used 15651K, committed 15808K, reserved 1114112K
  class space    used 1866K, committed 1920K, reserved 1048576K

Heap Regions: E=young(eden), S=young(survivor), O=old, HS=humongous(starts), HC=humongous(continues), CS=collection set, F=free, OA=open archive, CA=closed archive, TAMS=top-at-mark-start (previous, next)
|   0|0x0000000084400000, 0x0000000084500000, 0x0000000084500000|100%| O|  |TAMS 0x0000000084400000, 0x0000000084400000| Untracked 
|   1|0x0000000084500000, 0x0000000084600000, 0x0000000084600000|100%| O|  |TAMS 0x0000000084500000, 0x0000000084500000| Untracked 
|   2|0x0000000084600000, 0x0000000084700000, 0x0000000084700000|100%| O|  |TAMS 0x0000000084600000, 0x0000000084600000| Untracked 
|   3|0x0000000084700000, 0x0000000084800000, 0x0000000084800000|100%| O|  |TAMS 0x0000000084700000, 0x0000000084700000| Untracked 
|   4|0x0000000084800000, 0x0000000084900000, 0x0000000084900000|100%| O|  |TAMS 0x0000000084800000, 0x0000000084800000| Untracked 
|   5|0x0000000084900000, 0x0000000084a00000, 0x0000000084a00000|100%| O|  |TAMS 0x0000000084900000, 0x0000000084900000| Untracked 
|   6|0x0000000084a00000, 0x0000000084b00000, 0x0000000084b00000|100%| O|  |TAMS 0x0000000084a00000, 0x0000000084a00000| Untracked 
|   7|0x0000000084b00000, 0x0000000084c00000, 0x0000000084c00000|100%| O|  |TAMS 0x0000000084b00000, 0x0000000084b00000| Untracked 
|   8|0x0000000084c00000, 0x0000000084d00000, 0x0000000084d00000|100%| O|  |TAMS 0x0000000084c00000, 0x0000000084c00000| Untracked 
|   9|0x0000000084d00000, 0x0000000084e00000, 0x0000000084e00000|100%| O|  |TAMS 0x0000000084d00000, 0x0000000084d00000| Untracked 
|  10|0x0000000084e00000, 0x0000000084f00000, 0x0000000084f00000|100%| O|  |TAMS 0x0000000084e00000, 0x0000000084e00000| Untracked 
|  11|0x0000000084f00000, 0x0000000084fe1400, 0x0000000085000000| 87%| O|  |TAMS 0x0000000084f00000, 0x0000000084f00000| Untracked 
|  12|0x0000000085000000, 0x0000000085000000, 0x0000000085100000|  0%| F|  |TAMS 0x0000000085000000, 0x0000000085000000| Untracked 
|  13|0x0000000085100000, 0x0000000085100000, 0x0000000085200000|  0%| F|  |TAMS 0x0000000085100000, 0x0000000085100000| Untracked 
|  14|0x0000000085200000, 0x0000000085200000, 0x0000000085300000|  0%| F|  |TAMS 0x0000000085200000, 0x0000000085200000| Untracked 
|  15|0x0000000085300000, 0x0000000085300000, 0x0000000085400000|  0%| F|  |TAMS 0x0000000085300000, 0x0000000085300000| Untracked 
|  16|0x0000000085400000, 0x0000000085400000, 0x0000000085500000|  0%| F|  |TAMS 0x0000000085400000, 0x0000000085400000| Untracked 
|  17|0x0000000085500000, 0x0000000085500000, 0x0000000085600000|  0%| F|  |TAMS 0x0000000085500000, 0x0000000085500000| Untracked 
|  18|0x0000000085600000, 0x0000000085600000, 0x0000000085700000|  0%| F|  |TAMS 0x0000000085600000, 0x0000000085600000| Untracked 
|  19|0x0000000085700000, 0x0000000085700000, 0x0000000085800000|  0%| F|  |TAMS 0x0000000085700000, 0x0000000085700000| Untracked 
|  20|0x0000000085800000, 0x0000000085800000, 0x0000000085900000|  0%| F|  |TAMS 0x0000000085800000, 0x0000000085800000| Untracked 
|  21|0x0000000085900000, 0x0000000085900000, 0x0000000085a00000|  0%| F|  |TAMS 0x0000000085900000, 0x0000000085900000| Untracked 
|  22|0x0000000085a00000, 0x0000000085a00000, 0x0000000085b00000|  0%| F|  |TAMS 0x0000000085a00000, 0x0000000085a00000| Untracked 
|  23|0x0000000085b00000, 0x0000000085b00000, 0x0000000085c00000|  0%| F|  |TAMS 0x0000000085b00000, 0x0000000085b00000| Untracked 
|  24|0x0000000085c00000, 0x0000000085c00000, 0x0000000085d00000|  0%| F|  |TAMS 0x0000000085c00000, 0x0000000085c00000| Untracked 
|  25|0x0000000085d00000, 0x0000000085d00000, 0x0000000085e00000|  0%| F|  |TAMS 0x0000000085d00000, 0x0000000085d00000| Untracked 
|  26|0x0000000085e00000, 0x0000000085e00000, 0x0000000085f00000|  0%| F|  |TAMS 0x0000000085e00000, 0x0000000085e00000| Untracked 
|  27|0x0000000085f00000, 0x0000000085f00000, 0x0000000086000000|  0%| F|  |TAMS 0x0000000085f00000, 0x0000000085f00000| Untracked 
|  28|0x0000000086000000, 0x0000000086000000, 0x0000000086100000|  0%| F|  |TAMS 0x0000000086000000, 0x0000000086000000| Untracked 
|  29|0x0000000086100000, 0x0000000086100000, 0x0000000086200000|  0%| F|  |TAMS 0x0000000086100000, 0x0000000086100000| Untracked 
|  30|0x0000000086200000, 0x0000000086200000, 0x0000000086300000|  0%| F|  |TAMS 0x0000000086200000, 0x0000000086200000| Untracked 
|  31|0x0000000086300000, 0x0000000086300000, 0x0000000086400000|  0%| F|  |TAMS 0x0000000086300000, 0x0000000086300000| Untracked 
|  32|0x0000000086400000, 0x0000000086400000, 0x0000000086500000|  0%| F|  |TAMS 0x0000000086400000, 0x0000000086400000| Untracked 
|  33|0x0000000086500000, 0x0000000086500000, 0x0000000086600000|  0%| F|  |TAMS 0x0000000086500000, 0x0000000086500000| Untracked 
|  34|0x0000000086600000, 0x0000000086600000, 0x0000000086700000|  0%| F|  |TAMS 0x0000000086600000, 0x0000000086600000| Untracked 
|  35|0x0000000086700000, 0x0000000086700000, 0x0000000086800000|  0%| F|  |TAMS 0x0000000086700000, 0x0000000086700000| Untracked 
|  36|0x0000000086800000, 0x0000000086800000, 0x0000000086900000|  0%| F|  |TAMS 0x0000000086800000, 0x0000000086800000| Untracked 
|  37|0x0000000086900000, 0x0000000086900000, 0x0000000086a00000|  0%| F|  |TAMS 0x0000000086900000, 0x0000000086900000| Untracked 
|  38|0x0000000086a00000, 0x0000000086a00000, 0x0000000086b00000|  0%| F|  |TAMS 0x0000000086a00000, 0x0000000086a00000| Untracked 
|  39|0x0000000086b00000, 0x0000000086b00000, 0x0000000086c00000|  0%| F|  |TAMS 0x0000000086b00000, 0x0000000086b00000| Untracked 
|  40|0x0000000086c00000, 0x0000000086c00000, 0x0000000086d00000|  0%| F|  |TAMS 0x0000000086c00000, 0x0000000086c00000| Untracked 
|  41|0x0000000086d00000, 0x0000000086d00000, 0x0000000086e00000|  0%| F|  |TAMS 0x0000000086d00000, 0x0000000086d00000| Untracked 
|  42|0x0000000086e00000, 0x0000000086e00000, 0x0000000086f00000|  0%| F|  |TAMS 0x0000000086e00000, 0x0000000086e00000| Untracked 
|  43|0x0000000086f00000, 0x0000000086f00000, 0x0000000087000000|  0%| F|  |TAMS 0x0000000086f00000, 0x0000000086f00000| Untracked 
|  44|0x0000000087000000, 0x0000000087000000, 0x0000000087100000|  0%| F|  |TAMS 0x0000000087000000, 0x0000000087000000| Untracked 
|  45|0x0000000087100000, 0x0000000087100000, 0x0000000087200000|  0%| F|  |TAMS 0x0000000087100000, 0x0000000087100000| Untracked 
|  46|0x0000000087200000, 0x0000000087200000, 0x0000000087300000|  0%| F|  |TAMS 0x0000000087200000, 0x0000000087200000| Untracked 
|  47|0x0000000087300000, 0x0000000087300000, 0x0000000087400000|  0%| F|  |TAMS 0x0000000087300000, 0x0000000087300000| Untracked 
|  48|0x0000000087400000, 0x0000000087400000, 0x0000000087500000|  0%| F|  |TAMS 0x0000000087400000, 0x0000000087400000| Untracked 
|  49|0x0000000087500000, 0x0000000087500000, 0x0000000087600000|  0%| F|  |TAMS 0x0000000087500000, 0x0000000087500000| Untracked 
|  50|0x0000000087600000, 0x0000000087600000, 0x0000000087700000|  0%| F|  |TAMS 0x0000000087600000, 0x0000000087600000| Untracked 
|  51|0x0000000087700000, 0x0000000087700000, 0x0000000087800000|  0%| F|  |TAMS 0x0000000087700000, 0x0000000087700000| Untracked 
|  52|0x0000000087800000, 0x0000000087800000, 0x0000000087900000|  0%| F|  |TAMS 0x0000000087800000, 0x0000000087800000| Untracked 
|  53|0x0000000087900000, 0x0000000087900000, 0x0000000087a00000|  0%| F|  |TAMS 0x0000000087900000, 0x0000000087900000| Untracked 
|  54|0x0000000087a00000, 0x0000000087a00000, 0x0000000087b00000|  0%| F|  |TAMS 0x0000000087a00000, 0x0000000087a00000| Untracked 
|  55|0x0000000087b00000, 0x0000000087b00000, 0x0000000087c00000|  0%| F|  |TAMS 0x0000000087b00000, 0x0000000087b00000| Untracked 
|  56|0x0000000087c00000, 0x0000000087c00000, 0x0000000087d00000|  0%| F|  |TAMS 0x0000000087c00000, 0x0000000087c00000| Untracked 
|  57|0x0000000087d00000, 0x0000000087d00000, 0x0000000087e00000|  0%| F|  |TAMS 0x0000000087d00000, 0x0000000087d00000| Untracked 
|  58|0x0000000087e00000, 0x0000000087e00000, 0x0000000087f00000|  0%| F|  |TAMS 0x0000000087e00000, 0x0000000087e00000| Untracked 
|  59|0x0000000087f00000, 0x0000000087f00000, 0x0000000088000000|  0%| F|  |TAMS 0x0000000087f00000, 0x0000000087f00000| Untracked 
|  60|0x0000000088000000, 0x0000000088000000, 0x0000000088100000|  0%| F|  |TAMS 0x0000000088000000, 0x0000000088000000| Untracked 
|  61|0x0000000088100000, 0x0000000088100000, 0x0000000088200000|  0%| F|  |TAMS 0x0000000088100000, 0x0000000088100000| Untracked 
|  62|0x0000000088200000, 0x0000000088200000, 0x0000000088300000|  0%| F|  |TAMS 0x0000000088200000, 0x0000000088200000| Untracked 
|  63|0x0000000088300000, 0x0000000088300000, 0x0000000088400000|  0%| F|  |TAMS 0x0000000088300000, 0x0000000088300000| Untracked 
|  64|0x0000000088400000, 0x0000000088400000, 0x0000000088500000|  0%| F|  |TAMS 0x0000000088400000, 0x0000000088400000| Untracked 
|  65|0x0000000088500000, 0x0000000088500000, 0x0000000088600000|  0%| F|  |TAMS 0x0000000088500000, 0x0000000088500000| Untracked 
|  66|0x0000000088600000, 0x0000000088600000, 0x0000000088700000|  0%| F|  |TAMS 0x0000000088600000, 0x0000000088600000| Untracked 
|  67|0x0000000088700000, 0x0000000088700000, 0x0000000088800000|  0%| F|  |TAMS 0x0000000088700000, 0x0000000088700000| Untracked 
|  68|0x0000000088800000, 0x0000000088800000, 0x0000000088900000|  0%| F|  |TAMS 0x0000000088800000, 0x0000000088800000| Untracked 
|  69|0x0000000088900000, 0x0000000088900000, 0x0000000088a00000|  0%| F|  |TAMS 0x0000000088900000, 0x0000000088900000| Untracked 
|  70|0x0000000088a00000, 0x0000000088a00000, 0x0000000088b00000|  0%| F|  |TAMS 0x0000000088a00000, 0x0000000088a00000| Untracked 
|  71|0x0000000088b00000, 0x0000000088b00000, 0x0000000088c00000|  0%| F|  |TAMS 0x0000000088b00000, 0x0000000088b00000| Untracked 
|  72|0x0000000088c00000, 0x0000000088c00000, 0x0000000088d00000|  0%| F|  |TAMS 0x0000000088c00000, 0x0000000088c00000| Untracked 
|  73|0x0000000088d00000, 0x0000000088d00000, 0x0000000088e00000|  0%| F|  |TAMS 0x0000000088d00000, 0x0000000088d00000| Untracked 
|  74|0x0000000088e00000, 0x0000000088e00000, 0x0000000088f00000|  0%| F|  |TAMS 0x0000000088e00000, 0x0000000088e00000| Untracked 
|  75|0x0000000088f00000, 0x0000000088f00000, 0x0000000089000000|  0%| F|  |TAMS 0x0000000088f00000, 0x0000000088f00000| Untracked 
|  76|0x0000000089000000, 0x0000000089000000, 0x0000000089100000|  0%| F|  |TAMS 0x0000000089000000, 0x0000000089000000| Untracked 
|  77|0x0000000089100000, 0x0000000089100000, 0x0000000089200000|  0%| F|  |TAMS 0x0000000089100000, 0x0000000089100000| Untracked 
|  78|0x0000000089200000, 0x0000000089200000, 0x0000000089300000|  0%| F|  |TAMS 0x0000000089200000, 0x0000000089200000| Untracked 
|  79|0x0000000089300000, 0x0000000089300000, 0x0000000089400000|  0%| F|  |TAMS 0x0000000089300000, 0x0000000089300000| Untracked 
|  80|0x0000000089400000, 0x0000000089400000, 0x0000000089500000|  0%| F|  |TAMS 0x0000000089400000, 0x0000000089400000| Untracked 
|  81|0x0000000089500000, 0x0000000089500000, 0x0000000089600000|  0%| F|  |TAMS 0x0000000089500000, 0x0000000089500000| Untracked 
|  82|0x0000000089600000, 0x0000000089600000, 0x0000000089700000|  0%| F|  |TAMS 0x0000000089600000, 0x0000000089600000| Untracked 
|  83|0x0000000089700000, 0x0000000089700000, 0x0000000089800000|  0%| F|  |TAMS 0x0000000089700000, 0x0000000089700000| Untracked 
|  84|0x0000000089800000, 0x0000000089800000, 0x0000000089900000|  0%| F|  |TAMS 0x0000000089800000, 0x0000000089800000| Untracked 
|  85|0x0000000089900000, 0x0000000089900000, 0x0000000089a00000|  0%| F|  |TAMS 0x0000000089900000, 0x0000000089900000| Untracked 
|  86|0x0000000089a00000, 0x0000000089a00000, 0x0000000089b00000|  0%| F|  |TAMS 0x0000000089a00000, 0x0000000089a00000| Untracked 
|  87|0x0000000089b00000, 0x0000000089b00000, 0x0000000089c00000|  0%| F|  |TAMS 0x0000000089b00000, 0x0000000089b00000| Untracked 
|  88|0x0000000089c00000, 0x0000000089c00000, 0x0000000089d00000|  0%| F|  |TAMS 0x0000000089c00000, 0x0000000089c00000| Untracked 
|  89|0x0000000089d00000, 0x0000000089d00000, 0x0000000089e00000|  0%| F|  |TAMS 0x0000000089d00000, 0x0000000089d00000| Untracked 
|  90|0x0000000089e00000, 0x0000000089e00000, 0x0000000089f00000|  0%| F|  |TAMS 0x0000000089e00000, 0x0000000089e00000| Untracked 
|  91|0x0000000089f00000, 0x0000000089f00000, 0x000000008a000000|  0%| F|  |TAMS 0x0000000089f00000, 0x0000000089f00000| Untracked 
|  92|0x000000008a000000, 0x000000008a000000, 0x000000008a100000|  0%| F|  |TAMS 0x000000008a000000, 0x000000008a000000| Untracked 
|  93|0x000000008a100000, 0x000000008a100000, 0x000000008a200000|  0%| F|  |TAMS 0x000000008a100000, 0x000000008a100000| Untracked 
|  94|0x000000008a200000, 0x000000008a200000, 0x000000008a300000|  0%| F|  |TAMS 0x000000008a200000, 0x000000008a200000| Untracked 
|  95|0x000000008a300000, 0x000000008a300000, 0x000000008a400000|  0%| F|  |TAMS 0x000000008a300000, 0x000000008a300000| Untracked 
|  96|0x000000008a400000, 0x000000008a400000, 0x000000008a500000|  0%| F|  |TAMS 0x000000008a400000, 0x000000008a400000| Untracked 
|  97|0x000000008a500000, 0x000000008a500000, 0x000000008a600000|  0%| F|  |TAMS 0x000000008a500000, 0x000000008a500000| Untracked 
|  98|0x000000008a600000, 0x000000008a600000, 0x000000008a700000|  0%| F|  |TAMS 0x000000008a600000, 0x000000008a600000| Untracked 
|  99|0x000000008a700000, 0x000000008a700000, 0x000000008a800000|  0%| F|  |TAMS 0x000000008a700000, 0x000000008a700000| Untracked 
| 100|0x000000008a800000, 0x000000008a800000, 0x000000008a900000|  0%| F|  |TAMS 0x000000008a800000, 0x000000008a800000| Untracked 
| 101|0x000000008a900000, 0x000000008a900000, 0x000000008aa00000|  0%| F|  |TAMS 0x000000008a900000, 0x000000008a900000| Untracked 
| 102|0x000000008aa00000, 0x000000008aa00000, 0x000000008ab00000|  0%| F|  |TAMS 0x000000008aa00000, 0x000000008aa00000| Untracked 
| 103|0x000000008ab00000, 0x000000008ab00000, 0x000000008ac00000|  0%| F|  |TAMS 0x000000008ab00000, 0x000000008ab00000| Untracked 
| 104|0x000000008ac00000, 0x000000008ac00000, 0x000000008ad00000|  0%| F|  |TAMS 0x000000008ac00000, 0x000000008ac00000| Untracked 
| 105|0x000000008ad00000, 0x000000008ad00000, 0x000000008ae00000|  0%| F|  |TAMS 0x000000008ad00000, 0x000000008ad00000| Untracked 
| 106|0x000000008ae00000, 0x000000008ae00000, 0x000000008af00000|  0%| F|  |TAMS 0x000000008ae00000, 0x000000008ae00000| Untracked 
| 107|0x000000008af00000, 0x000000008af00000, 0x000000008b000000|  0%| F|  |TAMS 0x000000008af00000, 0x000000008af00000| Untracked 
| 108|0x000000008b000000, 0x000000008b000000, 0x000000008b100000|  0%| F|  |TAMS 0x000000008b000000, 0x000000008b000000| Untracked 
| 109|0x000000008b100000, 0x000000008b100000, 0x000000008b200000|  0%| F|  |TAMS 0x000000008b100000, 0x000000008b100000| Untracked 
| 110|0x000000008b200000, 0x000000008b200000, 0x000000008b300000|  0%| F|  |TAMS 0x000000008b200000, 0x000000008b200000| Untracked 
| 111|0x000000008b300000, 0x000000008b300000, 0x000000008b400000|  0%| F|  |TAMS 0x000000008b300000, 0x000000008b300000| Untracked 
| 112|0x000000008b400000, 0x000000008b400000, 0x000000008b500000|  0%| F|  |TAMS 0x000000008b400000, 0x000000008b400000| Untracked 
| 113|0x000000008b500000, 0x000000008b500000, 0x000000008b600000|  0%| F|  |TAMS 0x000000008b500000, 0x000000008b500000| Untracked 
| 114|0x000000008b600000, 0x000000008b600000, 0x000000008b700000|  0%| F|  |TAMS 0x000000008b600000, 0x000000008b600000| Untracked 
| 115|0x000000008b700000, 0x000000008b700000, 0x000000008b800000|  0%| F|  |TAMS 0x000000008b700000, 0x000000008b700000| Untracked 
| 116|0x000000008b800000, 0x000000008b800000, 0x000000008b900000|  0%| F|  |TAMS 0x000000008b800000, 0x000000008b800000| Untracked 
| 117|0x000000008b900000, 0x000000008b900000, 0x000000008ba00000|  0%| F|  |TAMS 0x000000008b900000, 0x000000008b900000| Untracked 
| 118|0x000000008ba00000, 0x000000008ba00000, 0x000000008bb00000|  0%| F|  |TAMS 0x000000008ba00000, 0x000000008ba00000| Untracked 
| 119|0x000000008bb00000, 0x000000008bb00000, 0x000000008bc00000|  0%| F|  |TAMS 0x000000008bb00000, 0x000000008bb00000| Untracked 
| 120|0x000000008bc00000, 0x000000008bc00000, 0x000000008bd00000|  0%| F|  |TAMS 0x000000008bc00000, 0x000000008bc00000| Untracked 
| 121|0x000000008bd00000, 0x000000008bd9eb90, 0x000000008be00000| 62%| E|  |TAMS 0x000000008bd00000, 0x000000008bd00000| Complete 
| 122|0x000000008be00000, 0x000000008bf00000, 0x000000008bf00000|100%| S|CS|TAMS 0x000000008be00000, 0x000000008be00000| Complete 
| 123|0x000000008bf00000, 0x000000008c000000, 0x000000008c000000|100%| E|CS|TAMS 0x000000008bf00000, 0x000000008bf00000| Complete 

Card table byte_map: [0x000001c0dede0000,0x000001c0df1c0000] _byte_map_base: 0x000001c0de9be000

Marking Bits (Prev, Next): (CMBitMap*) 0x000001c0c5eeee90, (CMBitMap*) 0x000001c0c5eeeed0
 Prev Bits: [0x000001c0df5a0000, 0x000001c0e1490000)
 Next Bits: [0x000001c0e1490000, 0x000001c0e3380000)

Polling page: 0x000001c0c5c20000

Metaspace:

Usage:
  Non-class:     13.46 MB used.
      Class:      1.82 MB used.
       Both:     15.29 MB used.

Virtual space:
  Non-class space:       64.00 MB reserved,      13.56 MB ( 21%) committed,  1 nodes.
      Class space:        1.00 GB reserved,       1.88 MB ( <1%) committed,  1 nodes.
             Both:        1.06 GB reserved,      15.44 MB (  1%) committed. 

Chunk freelists:
   Non-Class:  1.88 MB
       Class:  13.95 MB
        Both:  15.82 MB

MaxMetaspaceSize: unlimited
CompressedClassSpaceSize: 1.00 GB
Initial GC threshold: 21.00 MB
Current GC threshold: 21.00 MB
CDS: on
MetaspaceReclaimPolicy: balanced
 - commit_granule_bytes: 65536.
 - commit_granule_words: 8192.
 - virtual_space_node_default_size: 8388608.
 - enlarge_chunks_in_place: 1.
 - new_chunks_are_fully_committed: 0.
 - uncommit_free_chunks: 1.
 - use_allocation_guard: 0.
 - handle_deallocations: 1.


Internal statistics:

num_allocs_failed_limit: 0.
num_arena_births: 106.
num_arena_deaths: 0.
num_vsnodes_births: 2.
num_vsnodes_deaths: 0.
num_space_committed: 247.
num_space_uncommitted: 0.
num_chunks_returned_to_freelist: 0.
num_chunks_taken_from_freelist: 660.
num_chunk_merges: 0.
num_chunk_splits: 437.
num_chunks_enlarged: 352.
num_inconsistent_stats: 0.

CodeHeap 'non-profiled nmethods': size=120000Kb used=1782Kb max_used=1782Kb free=118217Kb
 bounds [0x000001c0d6850000, 0x000001c0d6ac0000, 0x000001c0ddd80000]
CodeHeap 'profiled nmethods': size=120000Kb used=7605Kb max_used=7605Kb free=112394Kb
 bounds [0x000001c0ced80000, 0x000001c0cf4f0000, 0x000001c0d62b0000]
CodeHeap 'non-nmethods': size=5760Kb used=1178Kb max_used=1221Kb free=4581Kb
 bounds [0x000001c0d62b0000, 0x000001c0d6520000, 0x000001c0d6850000]
 total_blobs=4293 nmethods=3823 adapters=382
 compilation: enabled
              stopped_count=0, restarted_count=0
 full_count=0

Compilation events (20 events):
Event: 14.943 Thread 0x000001c0e5fd31f0 nmethod 3793 0x000001c0d6a0b010 code [0x000001c0d6a0b1a0, 0x000001c0d6a0b2b8]
Event: 14.943 Thread 0x000001c0e5fd31f0 3792       1       org.apache.maven.model.Profile::setActivation (6 bytes)
Event: 14.943 Thread 0x000001c0e5fd31f0 nmethod 3792 0x000001c0d6a0b310 code [0x000001c0d6a0b4a0, 0x000001c0d6a0b5b8]
Event: 14.943 Thread 0x000001c0e5fd31f0 3797       1       org.eclipse.aether.internal.impl.collect.DataPool$GraphKey::hashCode (5 bytes)
Event: 14.943 Thread 0x000001c0e5fd31f0 nmethod 3797 0x000001c0d6a0b610 code [0x000001c0d6a0b7a0, 0x000001c0d6a0b878]
Event: 14.943 Thread 0x000001c0e5fd31f0 3798       1       org.eclipse.aether.util.version.GenericVersion::toString (5 bytes)
Event: 14.943 Thread 0x000001c0e5fd31f0 nmethod 3798 0x000001c0d6a0b910 code [0x000001c0d6a0baa0, 0x000001c0d6a0bb78]
Event: 14.944 Thread 0x000001c0e5fd1820 nmethod 3787 0x000001c0d6a0bc10 code [0x000001c0d6a0bda0, 0x000001c0d6a0c0f8]
Event: 14.948 Thread 0x000001c0e5fd31f0 3799       3       org.apache.maven.model.building.DefaultModelBuilder$$Lambda$128/0x000001c0811aea20::apply (8 bytes)
Event: 14.948 Thread 0x000001c0e5fd31f0 nmethod 3799 0x000001c0cf4de910 code [0x000001c0cf4deac0, 0x000001c0cf4decf8]
Event: 14.948 Thread 0x000001c0e5fd31f0 3800       3       org.apache.maven.model.building.DefaultModelBuilder$$Lambda$130/0x000001c0811aee88::apply (8 bytes)
Event: 14.948 Thread 0x000001c0e5fd31f0 nmethod 3800 0x000001c0cf4dee10 code [0x000001c0cf4defc0, 0x000001c0cf4df1f8]
Event: 14.948 Thread 0x000001c0e5fd31f0 3801       3       org.apache.maven.model.building.DefaultModelBuilder$$Lambda$132/0x000001c0811af2f0::apply (8 bytes)
Event: 14.948 Thread 0x000001c0e5fd31f0 nmethod 3801 0x000001c0cf4df310 code [0x000001c0cf4df4c0, 0x000001c0cf4df6f8]
Event: 14.948 Thread 0x000001c0e5fd1820 3802  s    4       java.util.Properties::put (10 bytes)
Event: 14.948 Thread 0x000001c0e5fd31f0 3803       3       org.apache.maven.model.inheritance.DefaultInheritanceAssembler$InheritanceModelMerger::concatPath (105 bytes)
Event: 15.945 Thread 0x000001c0e5fd31f0 nmethod 3803 0x000001c0cf4df810 code [0x000001c0cf4dfb00, 0x000001c0cf4e0af8]
Event: 15.945 Thread 0x000001c0e5fd31f0 3806       3       org.eclipse.aether.util.repository.DefaultMirrorSelector::getMirror (117 bytes)
Event: 15.945 Thread 0x000001c0e5fd1820 nmethod 3802 0x000001c0d6a0c390 code [0x000001c0d6a0c520, 0x000001c0d6a0c7c8]
Event: 15.945 Thread 0x000001c0e5fd1820 3804       4       org.apache.maven.model.interpolation.StringVisitorModelInterpolator$ModelVisitor::visit (117 bytes)

GC Heap History (6 events):
Event: 0.741 GC heap before
{Heap before GC invocations=0 (full 0):
 garbage-first heap   total 126976K, used 22528K [0x0000000084400000, 0x0000000100000000)
  region size 1024K, 23 young (23552K), 0 survivors (0K)
 Metaspace       used 5483K, committed 5696K, reserved 1114112K
  class space    used 665K, committed 768K, reserved 1048576K
}
Event: 0.747 GC heap after
{Heap after GC invocations=1 (full 0):
 garbage-first heap   total 126976K, used 3688K [0x0000000084400000, 0x0000000100000000)
  region size 1024K, 3 young (3072K), 3 survivors (3072K)
 Metaspace       used 5483K, committed 5696K, reserved 1114112K
  class space    used 665K, committed 768K, reserved 1048576K
}
Event: 5.324 GC heap before
{Heap before GC invocations=1 (full 0):
 garbage-first heap   total 126976K, used 35432K [0x0000000084400000, 0x0000000100000000)
  region size 1024K, 34 young (34816K), 3 survivors (3072K)
 Metaspace       used 10023K, committed 10112K, reserved 1114112K
  class space    used 1226K, committed 1280K, reserved 1048576K
}
Event: 5.329 GC heap after
{Heap after GC invocations=2 (full 0):
 garbage-first heap   total 126976K, used 5673K [0x0000000084400000, 0x0000000100000000)
  region size 1024K, 2 young (2048K), 2 survivors (2048K)
 Metaspace       used 10023K, committed 10112K, reserved 1114112K
  class space    used 1226K, committed 1280K, reserved 1048576K
}
Event: 13.935 GC heap before
{Heap before GC invocations=2 (full 0):
 garbage-first heap   total 126976K, used 79401K [0x0000000084400000, 0x0000000100000000)
  region size 1024K, 74 young (75776K), 2 survivors (2048K)
 Metaspace       used 15629K, committed 15808K, reserved 1114112K
  class space    used 1865K, committed 1920K, reserved 1048576K
}
Event: 14.941 GC heap after
{Heap after GC invocations=3 (full 0):
 garbage-first heap   total 126976K, used 12611K [0x0000000084400000, 0x0000000100000000)
  region size 1024K, 9 young (9216K), 9 survivors (9216K)
 Metaspace       used 15629K, committed 15808K, reserved 1114112K
  class space    used 1865K, committed 1920K, reserved 1048576K
}

Deoptimization events (20 events):
Event: 13.860 Thread 0x000001c0c5e91150 DEOPT PACKING pc=0x000001c0d69fd7e4 sp=0x000000b8bb3fc410
Event: 13.860 Thread 0x000001c0c5e91150 DEOPT UNPACKING pc=0x000001c0d63023a3 sp=0x000000b8bb3fc3b0 mode 2
Event: 13.860 Thread 0x000001c0c5e91150 Uncommon trap: trap_request=0xffffffbe fr.pc=0x000001c0d69fd7e4 relative=0x0000000000000944
Event: 13.860 Thread 0x000001c0c5e91150 Uncommon trap: reason=profile_predicate action=maybe_recompile pc=0x000001c0d69fd7e4 method=java.util.regex.Pattern$Slice.match(Ljava/util/regex/Matcher;ILjava/lang/CharSequence;)Z @ 18 c2
Event: 13.860 Thread 0x000001c0c5e91150 DEOPT PACKING pc=0x000001c0d69fd7e4 sp=0x000000b8bb3fc410
Event: 13.860 Thread 0x000001c0c5e91150 DEOPT UNPACKING pc=0x000001c0d63023a3 sp=0x000000b8bb3fc3b0 mode 2
Event: 13.896 Thread 0x000001c0c5e91150 Uncommon trap: trap_request=0xffffff45 fr.pc=0x000001c0d69dc494 relative=0x0000000000000334
Event: 13.896 Thread 0x000001c0c5e91150 Uncommon trap: reason=unstable_if action=reinterpret pc=0x000001c0d69dc494 method=org.apache.maven.model.ConfigurationContainer.getLocation(Ljava/lang/Object;)Lorg/apache/maven/model/InputLocation; @ 18 c2
Event: 13.896 Thread 0x000001c0c5e91150 DEOPT PACKING pc=0x000001c0d69dc494 sp=0x000000b8bb3fc170
Event: 13.896 Thread 0x000001c0c5e91150 DEOPT UNPACKING pc=0x000001c0d63023a3 sp=0x000000b8bb3fc110 mode 2
Event: 13.906 Thread 0x000001c0c5e91150 Uncommon trap: trap_request=0xffffff45 fr.pc=0x000001c0d68e1a3c relative=0x000000000000057c
Event: 13.906 Thread 0x000001c0c5e91150 Uncommon trap: reason=unstable_if action=reinterpret pc=0x000001c0d68e1a3c method=java.lang.String.regionMatches(ZILjava/lang/String;II)Z @ 21 c2
Event: 13.906 Thread 0x000001c0c5e91150 DEOPT PACKING pc=0x000001c0d68e1a3c sp=0x000000b8bb3fc8b0
Event: 13.906 Thread 0x000001c0c5e91150 DEOPT UNPACKING pc=0x000001c0d63023a3 sp=0x000000b8bb3fc858 mode 2
Event: 13.913 Thread 0x000001c0c5e91150 Uncommon trap: trap_request=0xffffff45 fr.pc=0x000001c0d6901750 relative=0x0000000000000310
Event: 13.913 Thread 0x000001c0c5e91150 Uncommon trap: reason=unstable_if action=reinterpret pc=0x000001c0d6901750 method=java.util.HashMap.getNode(Ljava/lang/Object;)Ljava/util/HashMap$Node; @ 66 c2
Event: 13.913 Thread 0x000001c0c5e91150 DEOPT PACKING pc=0x000001c0d6901750 sp=0x000000b8bb3fcd80
Event: 13.913 Thread 0x000001c0c5e91150 DEOPT UNPACKING pc=0x000001c0d63023a3 sp=0x000000b8bb3fcca0 mode 2
Event: 13.918 Thread 0x000001c0c5e91150 DEOPT PACKING pc=0x000001c0cf420fad sp=0x000000b8bb3fc1f0
Event: 13.918 Thread 0x000001c0c5e91150 DEOPT UNPACKING pc=0x000001c0d6302b43 sp=0x000000b8bb3fb6f8 mode 0

Classes unloaded (0 events):
No events

Classes redefined (0 events):
No events

Internal exceptions (20 events):
Event: 0.529 Thread 0x000001c0c5e91150 Exception <a 'java/lang/NoSuchMethodError'{0x000000008b164568}: 'java.lang.Object java.lang.invoke.DirectMethodHandle$Holder.invokeInterface(java.lang.Object, java.lang.Object)'> (0x000000008b164568) 
thrown [s\open\src\hotspot\share\interpreter\linkResolver.cpp, line 759]
Event: 0.546 Thread 0x000001c0c5e91150 Exception <a 'java/lang/NoSuchMethodError'{0x000000008b00c770}: 'java.lang.Object java.lang.invoke.Invokers$Holder.invokeExact_MT(java.lang.Object, java.lang.Object, java.lang.Object, java.lang.Object, java.lang.Object, java.lang.Object)'> (0x000000008b00c770) 
thrown [s\open\src\hotspot\share\interpreter\linkResolver.cpp, line 759]
Event: 0.549 Thread 0x000001c0c5e91150 Exception <a 'java/lang/NoSuchMethodError'{0x000000008b01dbf0}: 'int java.lang.invoke.DirectMethodHandle$Holder.invokeSpecialIFC(java.lang.Object, java.lang.Object, java.lang.Object, java.lang.Object, java.lang.Object)'> (0x000000008b01dbf0) 
thrown [s\open\src\hotspot\share\interpreter\linkResolver.cpp, line 759]
Event: 0.630 Thread 0x000001c0c5e91150 Exception <a 'java/lang/NoSuchMethodError'{0x000000008afbc598}: 'java.lang.Object java.lang.invoke.DirectMethodHandle$Holder.newInvokeSpecial(java.lang.Object, java.lang.Object, java.lang.Object, java.lang.Object, java.lang.Object)'> (0x000000008afbc598) 
thrown [s\open\src\hotspot\share\interpreter\linkResolver.cpp, line 759]
Event: 0.676 Thread 0x000001c0c5e91150 Exception <a 'java/lang/NoSuchMethodError'{0x000000008aec09d0}: 'int java.lang.invoke.DirectMethodHandle$Holder.invokeStaticInit(java.lang.Object, java.lang.Object)'> (0x000000008aec09d0) 
thrown [s\open\src\hotspot\share\interpreter\linkResolver.cpp, line 759]
Event: 0.684 Thread 0x000001c0c5e91150 Exception <a 'java/lang/NoClassDefFoundError'{0x000000008aef9638}: javax/enterprise/inject/Typed> (0x000000008aef9638) 
thrown [s\open\src\hotspot\share\classfile\systemDictionary.cpp, line 245]
Event: 9.408 Thread 0x000001c0c5e91150 Exception <a 'java/lang/NoSuchMethodError'{0x000000008bd22b18}: 'void java.lang.invoke.DirectMethodHandle$Holder.invokeStaticInit(java.lang.Object, java.lang.Object, java.lang.Object)'> (0x000000008bd22b18) 
thrown [s\open\src\hotspot\share\interpreter\linkResolver.cpp, line 759]
Event: 9.414 Thread 0x000001c0c5e91150 Exception <a 'java/lang/ExceptionInInitializerError'{0x000000008bd4dc58}> (0x000000008bd4dc58) 
thrown [s\open\src\hotspot\share\oops\instanceKlass.cpp, line 1216]
Event: 9.442 Thread 0x000001c0c5e91150 Implicit null exception at 0x000001c0d68eaf2f to 0x000001c0d68eb08c
Event: 9.443 Thread 0x000001c0c5e91150 Exception <a 'java/lang/NoSuchMethodError'{0x000000008bcd3f20}: 'java.lang.Object java.lang.invoke.Invokers$Holder.invokeExact_MT(java.lang.Object, int, java.lang.Object)'> (0x000000008bcd3f20) 
thrown [s\open\src\hotspot\share\interpreter\linkResolver.cpp, line 759]
Event: 9.455 Thread 0x000001c0c5e91150 Exception <a 'java/lang/NoSuchMethodError'{0x000000008bb4ca20}: 'int java.lang.invoke.DirectMethodHandle$Holder.invokeSpecial(java.lang.Object, java.lang.Object, java.lang.Object, java.lang.Object)'> (0x000000008bb4ca20) 
thrown [s\open\src\hotspot\share\interpreter\linkResolver.cpp, line 759]
Event: 9.662 Thread 0x000001c0c5e91150 Exception <a 'java/lang/NoClassDefFoundError'{0x000000008b365c08}: com/google/inject/servlet/ServletModuleTargetVisitor> (0x000000008b365c08) 
thrown [s\open\src\hotspot\share\classfile\systemDictionary.cpp, line 245]
Event: 9.711 Thread 0x000001c0c5e91150 Exception <a 'java/lang/NoSuchMethodError'{0x000000008b2f83a8}: 'void java.lang.invoke.DirectMethodHandle$Holder.invokeVirtual(java.lang.Object, java.lang.Object)'> (0x000000008b2f83a8) 
thrown [s\open\src\hotspot\share\interpreter\linkResolver.cpp, line 759]
Event: 9.736 Thread 0x000001c0c5e91150 Exception <a 'java/lang/NoSuchMethodError'{0x000000008b170ce8}: 'java.lang.Object java.lang.invoke.DirectMethodHandle$Holder.invokeStaticInit(java.lang.Object, int, int, int, int)'> (0x000000008b170ce8) 
thrown [s\open\src\hotspot\share\interpreter\linkResolver.cpp, line 759]
Event: 9.842 Thread 0x000001c0c5e91150 Implicit null exception at 0x000001c0d6873072 to 0x000001c0d6873644
Event: 9.842 Thread 0x000001c0c5e91150 Implicit null exception at 0x000001c0d6880572 to 0x000001c0d6880b54
Event: 9.882 Thread 0x000001c0c5e91150 Exception <a 'java/lang/NoSuchMethodError'{0x000000008ab0e600}: 'void java.lang.invoke.DirectMethodHandle$Holder.invokeSpecial(java.lang.Object, java.lang.Object, java.lang.Object, java.lang.Object, java.lang.Object)'> (0x000000008ab0e600) 
thrown [s\open\src\hotspot\share\interpreter\linkResolver.cpp, line 759]
Event: 9.885 Thread 0x000001c0c5e91150 Exception <a 'java/lang/NoSuchMethodError'{0x000000008ab2bc88}: 'void java.lang.invoke.DirectMethodHandle$Holder.invokeSpecial(java.lang.Object, java.lang.Object, java.lang.Object, java.lang.Object, java.lang.Object, java.lang.Object)'> (0x000000008ab2bc88) 
thrown [s\open\src\hotspot\share\interpreter\linkResolver.cpp, line 759]
Event: 9.899 Thread 0x000001c0c5e91150 Exception <a 'java/lang/NoSuchMethodError'{0x000000008aa3d930}: 'java.lang.Object java.lang.invoke.DirectMethodHandle$Holder.invokeVirtual(java.lang.Object, java.lang.Object, java.lang.Object)'> (0x000000008aa3d930) 
thrown [s\open\src\hotspot\share\interpreter\linkResolver.cpp, line 759]
Event: 11.481 Thread 0x000001c0c5e91150 Exception <a 'java/lang/NoSuchMethodError'{0x000000008902a260}: 'int java.lang.invoke.DirectMethodHandle$Holder.invokeSpecialIFC(java.lang.Object, java.lang.Object, java.lang.Object, java.lang.Object)'> (0x000000008902a260) 
thrown [s\open\src\hotspot\share\interpreter\linkResolver.cpp, line 759]

VM Operations (20 events):
Event: 9.746 Executing VM operation: HandshakeAllThreads
Event: 9.746 Executing VM operation: HandshakeAllThreads done
Event: 9.814 Executing VM operation: HandshakeAllThreads
Event: 9.814 Executing VM operation: HandshakeAllThreads done
Event: 9.816 Executing VM operation: HandshakeAllThreads
Event: 9.816 Executing VM operation: HandshakeAllThreads done
Event: 10.817 Executing VM operation: Cleanup
Event: 10.992 Executing VM operation: Cleanup done
Event: 11.475 Executing VM operation: HandshakeAllThreads
Event: 11.475 Executing VM operation: HandshakeAllThreads done
Event: 11.476 Executing VM operation: ICBufferFull
Event: 11.476 Executing VM operation: ICBufferFull done
Event: 12.478 Executing VM operation: Cleanup
Event: 12.543 Executing VM operation: Cleanup done
Event: 13.558 Executing VM operation: Cleanup
Event: 13.645 Executing VM operation: Cleanup done
Event: 13.934 Executing VM operation: G1CollectForAllocation
Event: 14.941 Executing VM operation: G1CollectForAllocation done
Event: 15.945 Executing VM operation: Cleanup
Event: 15.945 Executing VM operation: Cleanup done

Events (20 events):
Event: 9.914 loading class sun/util/resources/LocaleData$CommonResourceBundleProvider
Event: 9.915 loading class sun/util/resources/LocaleData$LocaleDataResourceBundleProvider
Event: 9.915 loading class java/util/spi/ResourceBundleProvider
Event: 9.915 loading class java/util/spi/ResourceBundleProvider done
Event: 9.915 loading class sun/util/resources/LocaleData$LocaleDataResourceBundleProvider done
Event: 9.915 loading class sun/util/resources/LocaleData$CommonResourceBundleProvider done
Event: 9.915 loading class sun/util/resources/Bundles$2
Event: 9.915 loading class sun/util/resources/Bundles$2 done
Event: 9.980 loading class java/util/stream/Streams$RangeIntSpliterator
Event: 9.980 loading class java/util/stream/Streams$RangeIntSpliterator done
Event: 11.417 loading class java/util/stream/MatchOps$MatchKind
Event: 11.417 loading class java/util/stream/MatchOps$MatchKind done
Event: 11.417 loading class java/util/stream/MatchOps
Event: 11.417 loading class java/util/stream/MatchOps done
Event: 11.417 loading class java/util/stream/MatchOps$MatchOp
Event: 11.417 loading class java/util/stream/MatchOps$MatchOp done
Event: 11.418 loading class java/util/stream/MatchOps$BooleanTerminalSink
Event: 11.418 loading class java/util/stream/MatchOps$BooleanTerminalSink done
Event: 11.418 loading class java/util/stream/MatchOps$1MatchSink
Event: 11.418 loading class java/util/stream/MatchOps$1MatchSink done


Dynamic libraries:
0x00007ff66b300000 - 0x00007ff66b310000 	C:\Program Files\Java\jdk-17\bin\java.exe
0x00007fffeb2a0000 - 0x00007fffeb507000 	C:\WINDOWS\SYSTEM32\ntdll.dll
0x00007fffea110000 - 0x00007fffea1d9000 	C:\WINDOWS\System32\KERNEL32.DLL
0x00007fffe8040000 - 0x00007fffe8431000 	C:\WINDOWS\System32\KERNELBASE.dll
0x00007fffe8440000 - 0x00007fffe858b000 	C:\WINDOWS\System32\ucrtbase.dll
0x00007fffda110000 - 0x00007fffda129000 	C:\Program Files\Java\jdk-17\bin\jli.dll
0x00007fffda0f0000 - 0x00007fffda10b000 	C:\Program Files\Java\jdk-17\bin\VCRUNTIME140.dll
0x00007fffea310000 - 0x00007fffea3cb000 	C:\WINDOWS\System32\ADVAPI32.dll
0x00007fffeae00000 - 0x00007fffeaea9000 	C:\WINDOWS\System32\msvcrt.dll
0x00007fffea1e0000 - 0x00007fffea287000 	C:\WINDOWS\System32\sechost.dll
0x00007fffe9180000 - 0x00007fffe9298000 	C:\WINDOWS\System32\RPCRT4.dll
0x00007fffeb090000 - 0x00007fffeb255000 	C:\WINDOWS\System32\USER32.dll
0x00007fffc7b30000 - 0x00007fffc7dc3000 	C:\WINDOWS\WinSxS\amd64_microsoft.windows.common-controls_6595b64144ccf1df_6.0.26100.8037_none_3e092faae333b53b\COMCTL32.dll
0x00007fffe8010000 - 0x00007fffe8037000 	C:\WINDOWS\System32\win32u.dll
0x00007fffe94a0000 - 0x00007fffe94cb000 	C:\WINDOWS\System32\GDI32.dll
0x00007fffe7cc0000 - 0x00007fffe7deb000 	C:\WINDOWS\System32\gdi32full.dll
0x00007fffe7f60000 - 0x00007fffe8003000 	C:\WINDOWS\System32\msvcp_win.dll
0x00007fffdf7d0000 - 0x00007fffdf7db000 	C:\WINDOWS\SYSTEM32\VERSION.dll
0x00007fffea0d0000 - 0x00007fffea101000 	C:\WINDOWS\System32\IMM32.DLL
0x00007fffda540000 - 0x00007fffda54c000 	C:\Program Files\Java\jdk-17\bin\vcruntime140_1.dll
0x00007fffa4de0000 - 0x00007fffa4e6e000 	C:\Program Files\Java\jdk-17\bin\msvcp140.dll
0x00007fff1f1b0000 - 0x00007fff1fd90000 	C:\Program Files\Java\jdk-17\bin\server\jvm.dll
0x00007fffe9310000 - 0x00007fffe9318000 	C:\WINDOWS\System32\PSAPI.DLL
0x00007fffb9a00000 - 0x00007fffb9a0a000 	C:\WINDOWS\SYSTEM32\WSOCK32.dll
0x00007fffd93b0000 - 0x00007fffd93e5000 	C:\WINDOWS\SYSTEM32\WINMM.dll
0x00007fffe9320000 - 0x00007fffe9394000 	C:\WINDOWS\System32\WS2_32.dll
0x00007fffe68f0000 - 0x00007fffe690b000 	C:\WINDOWS\SYSTEM32\kernel.appcore.dll
0x00007fffda050000 - 0x00007fffda05a000 	C:\Program Files\Java\jdk-17\bin\jimage.dll
0x00007fffe5ac0000 - 0x00007fffe5d02000 	C:\WINDOWS\SYSTEM32\DBGHELP.DLL
0x00007fffea4e0000 - 0x00007fffea862000 	C:\WINDOWS\System32\combase.dll
0x00007fffe9040000 - 0x00007fffe9117000 	C:\WINDOWS\System32\OLEAUT32.dll
0x00007fffc24b0000 - 0x00007fffc24eb000 	C:\WINDOWS\SYSTEM32\dbgcore.DLL
0x00007fffe7c10000 - 0x00007fffe7cb5000 	C:\WINDOWS\System32\bcryptPrimitives.dll
0x00007fffaa9b0000 - 0x00007fffaa9d5000 	C:\Program Files\Java\jdk-17\bin\java.dll
0x00007fff90ed0000 - 0x00007fff90fa7000 	C:\Program Files\Java\jdk-17\bin\jsvml.dll
0x00007fffe9940000 - 0x00007fffea09f000 	C:\WINDOWS\System32\SHELL32.dll
0x00007fffe7df0000 - 0x00007fffe7f5a000 	C:\WINDOWS\System32\wintypes.dll
0x00007fffe87d0000 - 0x00007fffe9034000 	C:\WINDOWS\System32\windows.storage.dll
0x00007fffe93a0000 - 0x00007fffe9497000 	C:\WINDOWS\System32\SHCORE.dll
0x00007fffe92a0000 - 0x00007fffe9307000 	C:\WINDOWS\System32\shlwapi.dll
0x00007fffe7aa0000 - 0x00007fffe7ac9000 	C:\WINDOWS\SYSTEM32\profapi.dll
0x00007fffae770000 - 0x00007fffae789000 	C:\Program Files\Java\jdk-17\bin\net.dll
0x00007fffe1290000 - 0x00007fffe13b7000 	C:\WINDOWS\SYSTEM32\WINHTTP.dll
0x00007fffe6e80000 - 0x00007fffe6eeb000 	C:\WINDOWS\system32\mswsock.dll
0x00007fffaa4e0000 - 0x00007fffaa4f6000 	C:\Program Files\Java\jdk-17\bin\nio.dll
0x00007fffaa390000 - 0x00007fffaa3a8000 	C:\Program Files\Java\jdk-17\bin\zip.dll
0x00007fffaa120000 - 0x00007fffaa144000 	C:\Program Files\apache-maven-3.9.9\lib\jansi-native\Windows\x86_64\jansi.dll
0x00007fffd7060000 - 0x00007fffd7070000 	C:\Program Files\Java\jdk-17\bin\verify.dll

dbghelp: loaded successfully - version: 4.0.5 - missing functions: none
symbol engine: initialized successfully - sym options: 0x614 - pdb path: .;C:\Program Files\Java\jdk-17\bin;C:\WINDOWS\SYSTEM32;C:\WINDOWS\WinSxS\amd64_microsoft.windows.common-controls_6595b64144ccf1df_6.0.26100.8037_none_3e092faae333b53b;C:\Program Files\Java\jdk-17\bin\server;C:\Program Files\apache-maven-3.9.9\lib\jansi-native\Windows\x86_64

VM Arguments:
jvm_args: -Dclassworlds.conf=C:\Program Files\apache-maven-3.9.9\bin\m2.conf -Dmaven.home=C:\Program Files\apache-maven-3.9.9 -Dlibrary.jansi.path=C:\Program Files\apache-maven-3.9.9\lib\jansi-native -Dmaven.multiModuleProjectDirectory=C:\Users\klebe\Desktop\sistema-cadastro-backend 
java_command: org.codehaus.plexus.classworlds.launcher.Launcher compile
java_class_path (initial): C:\Program Files\apache-maven-3.9.9\boot\plexus-classworlds-2.8.0.jar
Launcher Type: SUN_STANDARD

[Global flags]
     intx CICompilerCount                          = 4                                         {product} {ergonomic}
     uint ConcGCThreads                            = 3                                         {product} {ergonomic}
     uint G1ConcRefinementThreads                  = 10                                        {product} {ergonomic}
   size_t G1HeapRegionSize                         = 1048576                                   {product} {ergonomic}
    uintx GCDrainStackTargetSize                   = 64                                        {product} {ergonomic}
   size_t InitialHeapSize                          = 130023424                                 {product} {ergonomic}
   size_t MarkStackSize                            = 4194304                                   {product} {ergonomic}
   size_t MaxHeapSize                              = 2076180480                                {product} {ergonomic}
   size_t MaxNewSize                               = 1245708288                                {product} {ergonomic}
   size_t MinHeapDeltaBytes                        = 1048576                                   {product} {ergonomic}
   size_t MinHeapSize                              = 8388608                                   {product} {ergonomic}
    uintx NonNMethodCodeHeapSize                   = 5839372                                {pd product} {ergonomic}
    uintx NonProfiledCodeHeapSize                  = 122909434                              {pd product} {ergonomic}
    uintx ProfiledCodeHeapSize                     = 122909434                              {pd product} {ergonomic}
    uintx ReservedCodeCacheSize                    = 251658240                              {pd product} {ergonomic}
     bool SegmentedCodeCache                       = true                                      {product} {ergonomic}
   size_t SoftMaxHeapSize                          = 2076180480                             {manageable} {ergonomic}
     bool UseCompressedClassPointers               = true                           {product lp64_product} {ergonomic}
     bool UseCompressedOops                        = true                           {product lp64_product} {ergonomic}
     bool UseG1GC                                  = true                                      {product} {ergonomic}
     bool UseLargePagesIndividualAllocation        = false                                  {pd product} {ergonomic}

Logging:
Log output configuration:
 #0: stdout all=warning uptime,level,tags
 #1: stderr all=off uptime,level,tags

Environment Variables:
JAVA_HOME=C:\Program Files\Java\jdk-17
PATH=C:\Users\klebe\AppData\Local\Programs\Microsoft VS Code;C:\Program Files\Java\jdk-17\bin;C:\Program Files\Common Files\Oracle\Java\javapath;C:\Windows\system32;C:\Windows;C:\Windows\System32\Wbem;C:\Windows\System32\WindowsPowerShell\v1.0\;C:\Windows\System32\OpenSSH\;C:\Program Files (x86)\NVIDIA Corporation\PhysX\Common;C:\Program Files\NVIDIA Corporation\NVIDIA NvDLISR;C:\WINDOWS\system32;C:\WINDOWS;C:\WINDOWS\System32\Wbem;C:\WINDOWS\System32\WindowsPowerShell\v1.0\;C:\WINDOWS\System32\OpenSSH\;C:\Program Files\Go\bin;C:\Program Files\apache-maven-3.9.9\bin;C:\Program Files\Git\cmd;C:\Program Files\dotnet\;C:\Program Files (x86)\Windows Kits\10\Windows Performance Toolkit\;C:\Program Files\nodejs\;C:\Program Files\GitHub CLI\;C:\Program Files\MySQL\MySQL Shell 8.0\bin\;C:\Users\klebe\AppData\Local\Microsoft\WindowsApps;C:\Users\klebe\AppData\Local\Programs\Microsoft VS Code\bin;C:\Users\klebe\go\bin;C:\Program Files\JetBrains\IntelliJ IDEA Community Edition 2025.1.3\bin;;C:\src\flutter\bin;C:\Users\klebe\AppData\Roaming\npm;C:\Users\klebe\AppData\Local\Python\bin;c:\Users\klebe\.vscode\extensions\vscjava.vscode-java-debug-0.58.5\bundled\scripts\noConfigScripts
USERNAME=klebe
LANG=en_US.UTF-8
OS=Windows_NT
PROCESSOR_IDENTIFIER=Intel64 Family 6 Model 154 Stepping 3, GenuineIntel



---------------  S Y S T E M  ---------------

OS:
 Windows 11 , 64 bit Build 26100 (10.0.26100.7920)
OS uptime: 0 days 6:35 hours
Hyper-V role detected

CPU: total 12 (initial active 12) (6 cores per cpu, 2 threads per core) family 6 model 154 stepping 3 microcode 0x437, cx8, cmov, fxsr, ht, mmx, 3dnowpref, sse, sse2, sse3, ssse3, sse4.1, sse4.2, popcnt, lzcnt, tsc, tscinvbit, avx, avx2, aes, erms, clmul, bmi1, bmi2, adx, sha, fma, vzeroupper, clflush, clflushopt, clwb, hv

Memory: 4k page, system-wide physical 7916M (481M free)
TotalPageFile size 32492M (AvailPageFile size 7M)
current process WorkingSet (physical memory assigned to process): 179M, peak: 179M
current process commit charge ("private bytes"): 257M, peak: 258M

vm_info: Java HotSpot(TM) 64-Bit Server VM (17.0.12+8-LTS-286) for windows-amd64 JRE (17.0.12+8-LTS-286), built on Jun  5 2024 06:46:59 by "mach5one" with MS VC++ 17.6 (VS2022)

END.
